Using pre-set license
Built from '2020.3/staging' branch; Version is '2020.3.40f1 (ba48d4efcef1) revision 12208340'; Using compiler version '192528614'; Build Type 'Release'
OS: 'Windows 10  (10.0.19044) 64bit CoreSingleLanguage' Language: 'en' Physical Memory: 16328 MB
BatchMode: 1, IsHumanControllingUs: 0, StartBugReporterOnCrash: 0, Is64bit: 1, IsPro: 0

COMMAND LINE ARGUMENTS:
C:\Program Files\Unity\Hub\Editor\2020.3.40f1\Editor\Unity.exe
-adb2
-batchMode
-noUpm
-name
AssetImportWorker0
-projectPath
C:/Users/MCM Gaming PC 1/Documents/Animation Game
-logFile
Logs/AssetImportWorker0.log
-srvPort
57099
Successfully changed project path to: C:/Users/MCM Gaming PC 1/Documents/Animation Game
C:/Users/MCM Gaming PC 1/Documents/Animation Game
Using Asset Import Pipeline V2.
Refreshing native plugins compatible for Editor in 67.98 ms, found 2 plugins.
Preloading 0 native plugins for Editor in 0.00 ms.
Initialize engine version: 2020.3.40f1 (ba48d4efcef1)
[Subsystems] Discovering subsystems at path C:/Program Files/Unity/Hub/Editor/2020.3.40f1/Editor/Data/Resources/UnitySubsystems
[Subsystems] Discovering subsystems at path C:/Users/MCM Gaming PC 1/Documents/Animation Game/Assets
GfxDevice: creating device client; threaded=0
Direct3D:
    Version:  Direct3D 11.0 [level 11.1]
    Renderer: NVIDIA GeForce GTX 1060 6GB (ID=0x1c03)
    Vendor:   
    VRAM:     6052 MB
    Driver:   30.0.15.1215
Initialize mono
Mono path[0] = 'C:/Program Files/Unity/Hub/Editor/2020.3.40f1/Editor/Data/Managed'
Mono path[1] = 'C:/Program Files/Unity/Hub/Editor/2020.3.40f1/Editor/Data/MonoBleedingEdge/lib/mono/unityjit'
Mono config path = 'C:/Program Files/Unity/Hub/Editor/2020.3.40f1/Editor/Data/MonoBleedingEdge/etc'
Using monoOptions --debugger-agent=transport=dt_socket,embedding=1,server=y,suspend=n,address=127.0.0.1:56076
Begin MonoManager ReloadAssembly
Registering precompiled unity dll's ...
Register platform support module: C:/Program Files/Unity/Hub/Editor/2020.3.40f1/Editor/Data/PlaybackEngines/WebGLSupport/UnityEditor.WebGL.Extensions.dll
Register platform support module: C:/Program Files/Unity/Hub/Editor/2020.3.40f1/Editor/Data/PlaybackEngines/WindowsStandaloneSupport/UnityEditor.WindowsStandalone.Extensions.dll
Registered in 0.003520 seconds.
Native extension for WindowsStandalone target not found
Native extension for WebGL target not found
Refreshing native plugins compatible for Editor in 60.79 ms, found 2 plugins.
Preloading 0 native plugins for Editor in 0.00 ms.
Mono: successfully reloaded assembly
- Completed reload, in  0.630 seconds
Domain Reload Profiling:
	ReloadAssembly (631ms)
		BeginReloadAssembly (66ms)
			ExecutionOrderSort (0ms)
			DisableScriptedObjects (0ms)
			BackupInstance (0ms)
			ReleaseScriptingObjects (0ms)
			CreateAndSetChildDomain (1ms)
		EndReloadAssembly (479ms)
			LoadAssemblies (63ms)
			RebuildTransferFunctionScriptingTraits (0ms)
			SetupTypeCache (156ms)
			ReleaseScriptCaches (0ms)
			RebuildScriptCaches (32ms)
			SetupLoadedEditorAssemblies (195ms)
				LogAssemblyErrors (0ms)
				InitializePlatformSupportModulesInManaged (5ms)
				SetLoadedEditorAssemblies (0ms)
				RefreshPlugins (61ms)
				BeforeProcessingInitializeOnLoad (8ms)
				ProcessInitializeOnLoadAttributes (86ms)
				ProcessInitializeOnLoadMethodAttributes (35ms)
				AfterProcessingInitializeOnLoad (0ms)
				EditorAssembliesLoaded (0ms)
			ExecutionOrderSort2 (0ms)
			AwakeInstancesAfterBackupRestoration (0ms)
Platform modules already initialized, skipping
Registering precompiled user dll's ...
Registered in 0.007197 seconds.
Begin MonoManager ReloadAssembly
Native extension for WindowsStandalone target not found
Native extension for WebGL target not found
Refreshing native plugins compatible for Editor in 0.65 ms, found 2 plugins.
Preloading 0 native plugins for Editor in 0.00 ms.
Mono: successfully reloaded assembly
- Completed reload, in  1.199 seconds
Domain Reload Profiling:
	ReloadAssembly (1200ms)
		BeginReloadAssembly (166ms)
			ExecutionOrderSort (0ms)
			DisableScriptedObjects (5ms)
			BackupInstance (0ms)
			ReleaseScriptingObjects (0ms)
			CreateAndSetChildDomain (19ms)
		EndReloadAssembly (966ms)
			LoadAssemblies (122ms)
			RebuildTransferFunctionScriptingTraits (0ms)
			SetupTypeCache (303ms)
			ReleaseScriptCaches (0ms)
			RebuildScriptCaches (47ms)
			SetupLoadedEditorAssemblies (407ms)
				LogAssemblyErrors (0ms)
				InitializePlatformSupportModulesInManaged (5ms)
				SetLoadedEditorAssemblies (0ms)
				RefreshPlugins (1ms)
				BeforeProcessingInitializeOnLoad (77ms)
				ProcessInitializeOnLoadAttributes (233ms)
				ProcessInitializeOnLoadMethodAttributes (81ms)
				AfterProcessingInitializeOnLoad (9ms)
				EditorAssembliesLoaded (0ms)
			ExecutionOrderSort2 (0ms)
			AwakeInstancesAfterBackupRestoration (3ms)
Platform modules already initialized, skipping
========================================================================
Worker process is ready to serve import requests
Launched and connected shader compiler UnityShaderCompiler.exe after 0.04 seconds
Refreshing native plugins compatible for Editor in 1.11 ms, found 2 plugins.
Preloading 0 native plugins for Editor in 0.00 ms.
Unloading 2388 Unused Serialized files (Serialized files now loaded: 0)
System memory in use before: 92.5 MB.
System memory in use after: 92.7 MB.

Unloading 60 unused Assets to reduce memory usage. Loaded Objects now: 2792.
Total: 7.453700 ms (FindLiveObjects: 0.297000 ms CreateObjectMapping: 0.177300 ms MarkObjects: 6.867000 ms  DeleteObjects: 0.111100 ms)

AssetImportParameters requested are different than current active one (requested -> active):
  custom:framework-win-MediaFoundation: 216162199b28c13a410421893ffa2e32 -> 
  custom:video-decoder-ogg-theora: a1e56fd34408186e4bbccfd4996cb3dc -> 
  custom:container-muxer-webm: aa71ff27fc2769a1b78a27578f13a17b -> 
  custom:container-demuxer-webm: 4f35f7cbe854078d1ac9338744f61a02 -> 
  custom:container-demuxer-ogg: 62fdf1f143b41e24485cea50d1cbac27 -> 
  custom:video-encoder-webm-vp8: eb34c28f22e8b96e1ab97ce403110664 -> 
  custom:video-codec-MediaFoundation-h265: 746d11721c4dcdbdad8f713fa42b33f4 -> 
  custom:video-decoder-webm-vp8: 9c59270c3fd7afecdb556c50c9e8de78 -> 
  custom:audio-decoder-ogg-vorbis: bf7c407c2cedff20999df2af8eb42d56 -> 
  custom:audio-encoder-webm-vorbis: bf7c407c2cedff20999df2af8eb42d56 -> 
========================================================================
Received Import Request.
  path: Assets
  artifactKey: Guid(00000000000000001000000000000000) Importer(815301076,1909f56bfc062723c751e8b465ee728b)
Start importing Assets using Guid(00000000000000001000000000000000) Importer(815301076,1909f56bfc062723c751e8b465ee728b)  -> (artifact id: '42d402b061de3733987d63b9cc3b64de') in 0.008877 seconds 
========================================================================
Received Import Request.
  Time since last request: 1.906863 seconds.
  path: Assets/Assets
  artifactKey: Guid(108f418ae42d1884489ce0385b7112d6) Importer(815301076,1909f56bfc062723c751e8b465ee728b)
Start importing Assets/Assets using Guid(108f418ae42d1884489ce0385b7112d6) Importer(815301076,1909f56bfc062723c751e8b465ee728b)  -> (artifact id: '4e4e9ad51a0edaa9a88e5dd6079fd7c3') in 0.003484 seconds 
========================================================================
Received Import Request.
  Time since last request: 14.486162 seconds.
  path: Assets/Assets/Arms Hip Hop Dance.fbx
  artifactKey: Guid(2f1f925bbf2121542be99263cbf7c4c8) Importer(815301076,1909f56bfc062723c751e8b465ee728b)
Start importing Assets/Assets/Arms Hip Hop Dance.fbx using Guid(2f1f925bbf2121542be99263cbf7c4c8) Importer(815301076,1909f56bfc062723c751e8b465ee728b)  -> (artifact id: 'bb9ec94dd566664e63381c54478c89b2') in 0.071586 seconds 
========================================================================
Received Import Request.
  Time since last request: 1.215569 seconds.
  path: Assets/Assets/mixamo.com.anim
  artifactKey: Guid(814973157aff2a14bb8f0cd37bc19378) Importer(815301076,1909f56bfc062723c751e8b465ee728b)
Start importing Assets/Assets/mixamo.com.anim using Guid(814973157aff2a14bb8f0cd37bc19378) Importer(815301076,1909f56bfc062723c751e8b465ee728b)  -> (artifact id: '3c579b742047ba2c34061b0e2d5cf356') in 0.078336 seconds 
========================================================================
Received Import Request.
  Time since last request: 7.350560 seconds.
  path: Assets/Assets/Arms Hip Hop Dance.anim
  artifactKey: Guid(814973157aff2a14bb8f0cd37bc19378) Importer(815301076,1909f56bfc062723c751e8b465ee728b)
Start importing Assets/Assets/Arms Hip Hop Dance.anim using Guid(814973157aff2a14bb8f0cd37bc19378) Importer(815301076,1909f56bfc062723c751e8b465ee728b)  -> (artifact id: '93ca306cf7e40643577d50f69c1510e8') in 0.058253 seconds 
========================================================================
Received Import Request.
  Time since last request: 6.889183 seconds.
  path: Assets/Assets/Dancing Twerk.fbx
  artifactKey: Guid(0189e776392867e4a9043845e85b410f) Importer(815301076,1909f56bfc062723c751e8b465ee728b)
Start importing Assets/Assets/Dancing Twerk.fbx using Guid(0189e776392867e4a9043845e85b410f) Importer(815301076,1909f56bfc062723c751e8b465ee728b)  -> (artifact id: '396856a9fff997567669abffe5807132') in 0.017248 seconds 
========================================================================
Received Import Request.
  Time since last request: 0.763106 seconds.
  path: Assets/Assets/mixamo.com.anim
  artifactKey: Guid(a38c9c011d3d93a40b699cdc6e21f742) Importer(815301076,1909f56bfc062723c751e8b465ee728b)
Start importing Assets/Assets/mixamo.com.anim using Guid(a38c9c011d3d93a40b699cdc6e21f742) Importer(815301076,1909f56bfc062723c751e8b465ee728b)  -> (artifact id: 'cd7d1841c9513d2781601dfe3596c822') in 0.052174 seconds 
========================================================================
Received Import Request.
  Time since last request: 2.269770 seconds.
  path: Assets/Assets/Hip Hop Dancing.fbx
  artifactKey: Guid(f48a20db8593c4b4ea12031841054f72) Importer(815301076,1909f56bfc062723c751e8b465ee728b)
Start importing Assets/Assets/Hip Hop Dancing.fbx using Guid(f48a20db8593c4b4ea12031841054f72) Importer(815301076,1909f56bfc062723c751e8b465ee728b)  -> (artifact id: '8c9fa65d5ee21c66994f95107b241436') in 0.014336 seconds 
========================================================================
Received Import Request.
  Time since last request: 7.037732 seconds.
  path: Assets/Assets/Dancing Twerk.anim
  artifactKey: Guid(a38c9c011d3d93a40b699cdc6e21f742) Importer(815301076,1909f56bfc062723c751e8b465ee728b)
Start importing Assets/Assets/Dancing Twerk.anim using Guid(a38c9c011d3d93a40b699cdc6e21f742) Importer(815301076,1909f56bfc062723c751e8b465ee728b)  -> (artifact id: '23e6c1276d4d2bd55520518470a681e0') in 0.047572 seconds 
========================================================================
Received Import Request.
  Time since last request: 14.849141 seconds.
  path: Assets/Assets/mixamo.com.anim
  artifactKey: Guid(ba89970a12e016c43960bba14a13a096) Importer(815301076,1909f56bfc062723c751e8b465ee728b)
Start importing Assets/Assets/mixamo.com.anim using Guid(ba89970a12e016c43960bba14a13a096) Importer(815301076,1909f56bfc062723c751e8b465ee728b)  -> (artifact id: '6cd4d91948e3a752e590e3e3f1f41654') in 0.037579 seconds 
========================================================================
Received Import Request.
  Time since last request: 2.475864 seconds.
  path: Assets/Assets/Hip Hop Dancing.anim
  artifactKey: Guid(ba89970a12e016c43960bba14a13a096) Importer(815301076,1909f56bfc062723c751e8b465ee728b)
Start importing Assets/Assets/Hip Hop Dancing.anim using Guid(ba89970a12e016c43960bba14a13a096) Importer(815301076,1909f56bfc062723c751e8b465ee728b)  -> (artifact id: '6d737b600352a874f603e732d819138c') in 0.031881 seconds 
========================================================================
Received Import Request.
  Time since last request: 3.927929 seconds.
  path: Assets/Assets/Paladin w Idle.fbx
  artifactKey: Guid(b88760ce65d5690478e7bfaacb700fa6) Importer(815301076,1909f56bfc062723c751e8b465ee728b)
Start importing Assets/Assets/Paladin w Idle.fbx using Guid(b88760ce65d5690478e7bfaacb700fa6) Importer(815301076,1909f56bfc062723c751e8b465ee728b)  -> (artifact id: '559fa561eec2ec0bb05e1a5edf65c1f4') in 0.585840 seconds 
========================================================================
Received Import Request.
  Time since last request: 2.415801 seconds.
  path: Assets/Assets/mixamo.com.anim
  artifactKey: Guid(1afabf36146be454b84ab2026e6a6515) Importer(815301076,1909f56bfc062723c751e8b465ee728b)
Start importing Assets/Assets/mixamo.com.anim using Guid(1afabf36146be454b84ab2026e6a6515) Importer(815301076,1909f56bfc062723c751e8b465ee728b)  -> (artifact id: 'df332c21db18700a2eebc0dc30662b40') in 0.006169 seconds 
========================================================================
Received Import Request.
  Time since last request: 4.423840 seconds.
  path: Assets/Assets/Idle.anim
  artifactKey: Guid(1afabf36146be454b84ab2026e6a6515) Importer(815301076,1909f56bfc062723c751e8b465ee728b)
Start importing Assets/Assets/Idle.anim using Guid(1afabf36146be454b84ab2026e6a6515) Importer(815301076,1909f56bfc062723c751e8b465ee728b)  -> (artifact id: '9777735e37a28d7ae1f5bab1da4150d9') in 0.010249 seconds 
========================================================================
Received Import Request.
  Time since last request: 7.468328 seconds.
  path: Assets/Assets/mixamo.com.anim
  artifactKey: Guid(56872d03d889a854d90b799922977a13) Importer(815301076,1909f56bfc062723c751e8b465ee728b)
Start importing Assets/Assets/mixamo.com.anim using Guid(56872d03d889a854d90b799922977a13) Importer(815301076,1909f56bfc062723c751e8b465ee728b)  -> (artifact id: '925b09e387256318226918f4cb9226d9') in 0.006716 seconds 
========================================================================
Received Import Request.
  Time since last request: 2.636554 seconds.
  path: Assets/Assets/Idle.anim
  artifactKey: Guid(56872d03d889a854d90b799922977a13) Importer(815301076,1909f56bfc062723c751e8b465ee728b)
Start importing Assets/Assets/Idle.anim using Guid(56872d03d889a854d90b799922977a13) Importer(815301076,1909f56bfc062723c751e8b465ee728b)  -> (artifact id: '1c041961385677b235d2d8b3875e4398') in 0.007425 seconds 
========================================================================
Received Import Request.
  Time since last request: 6.897508 seconds.
  path: Assets/Assets/mixamo.com.anim
  artifactKey: Guid(f425c501d0226604399f632af74438d0) Importer(815301076,1909f56bfc062723c751e8b465ee728b)
Start importing Assets/Assets/mixamo.com.anim using Guid(f425c501d0226604399f632af74438d0) Importer(815301076,1909f56bfc062723c751e8b465ee728b)  -> (artifact id: '68c2b9f39d5871a9b4e1d09a625989e9') in 0.006650 seconds 
========================================================================
Received Import Request.
  Time since last request: 8.434661 seconds.
  path: Assets/Assets/Idle.anim
  artifactKey: Guid(f425c501d0226604399f632af74438d0) Importer(815301076,1909f56bfc062723c751e8b465ee728b)
Start importing Assets/Assets/Idle.anim using Guid(f425c501d0226604399f632af74438d0) Importer(815301076,1909f56bfc062723c751e8b465ee728b)  -> (artifact id: '1adf30a1680bc022e2e209ced1a7fc9a') in 0.006019 seconds 
========================================================================
Received Import Request.
  Time since last request: 66.222996 seconds.
  path: Assets/Assets/Snake Hip Hop Dance.fbx
  artifactKey: Guid(cdf86925c4e319643930bd3a1ab953e3) Importer(815301076,1909f56bfc062723c751e8b465ee728b)
Start importing Assets/Assets/Snake Hip Hop Dance.fbx using Guid(cdf86925c4e319643930bd3a1ab953e3) Importer(815301076,1909f56bfc062723c751e8b465ee728b)  -> (artifact id: '9caa619a58cc0cbe3b1c493f1362d363') in 0.014755 seconds 
========================================================================
Received Import Request.
  Time since last request: 5.339526 seconds.
  path: Assets/Assets/mixamo.com.anim
  artifactKey: Guid(d357b1454cca4a24fbce656ea2ab68dc) Importer(815301076,1909f56bfc062723c751e8b465ee728b)
Start importing Assets/Assets/mixamo.com.anim using Guid(d357b1454cca4a24fbce656ea2ab68dc) Importer(815301076,1909f56bfc062723c751e8b465ee728b)  -> (artifact id: '9619650a51802f6b04795bd602dcfd43') in 0.035973 seconds 
========================================================================
Received Import Request.
  Time since last request: 2.566791 seconds.
  path: Assets/Assets/Snake Hip Hop Dance.anim
  artifactKey: Guid(d357b1454cca4a24fbce656ea2ab68dc) Importer(815301076,1909f56bfc062723c751e8b465ee728b)
Start importing Assets/Assets/Snake Hip Hop Dance.anim using Guid(d357b1454cca4a24fbce656ea2ab68dc) Importer(815301076,1909f56bfc062723c751e8b465ee728b)  -> (artifact id: '9111eddf36a69fa71b4ddee9157932f0') in 0.038417 seconds 
========================================================================
Received Import Request.
  Time since last request: 12.852537 seconds.
  path: Assets/Assets/Arms In Air.anim
  artifactKey: Guid(814973157aff2a14bb8f0cd37bc19378) Importer(815301076,1909f56bfc062723c751e8b465ee728b)
Start importing Assets/Assets/Arms In Air.anim using Guid(814973157aff2a14bb8f0cd37bc19378) Importer(815301076,1909f56bfc062723c751e8b465ee728b)  -> (artifact id: '7138add5c1cb8b29630476cb17a30bd4') in 0.066296 seconds 
========================================================================
Received Import Request.
  Time since last request: 5.113941 seconds.
  path: Assets/Assets/Twerking.anim
  artifactKey: Guid(a38c9c011d3d93a40b699cdc6e21f742) Importer(815301076,1909f56bfc062723c751e8b465ee728b)
Start importing Assets/Assets/Twerking.anim using Guid(a38c9c011d3d93a40b699cdc6e21f742) Importer(815301076,1909f56bfc062723c751e8b465ee728b)  -> (artifact id: 'f4e3606b36df81664592ee90c609b286') in 0.056057 seconds 
========================================================================
Received Import Request.
  Time since last request: 105.265711 seconds.
  path: Assets/Materials
  artifactKey: Guid(05104538e4acae74e98afe86a72f1361) Importer(815301076,1909f56bfc062723c751e8b465ee728b)
Start importing Assets/Materials using Guid(05104538e4acae74e98afe86a72f1361) Importer(815301076,1909f56bfc062723c751e8b465ee728b)  -> (artifact id: 'b54c084f7875f9e1d283c9a29c42f516') in 0.006699 seconds 
========================================================================
Received Import Request.
  Time since last request: 361.997001 seconds.
  path: Assets/Assets/Paladin w Idle.fbx
  artifactKey: Guid(b88760ce65d5690478e7bfaacb700fa6) Importer(815301076,1909f56bfc062723c751e8b465ee728b)
Start importing Assets/Assets/Paladin w Idle.fbx using Guid(b88760ce65d5690478e7bfaacb700fa6) Importer(815301076,1909f56bfc062723c751e8b465ee728b)  -> (artifact id: '90e5138370909cd21a179011de96bca7') in 0.067023 seconds 
========================================================================
Received Import Request.
  Time since last request: 10.129948 seconds.
  path: Assets/Assets/Paladin w Idle.fbx
  artifactKey: Guid(b88760ce65d5690478e7bfaacb700fa6) Importer(815301076,1909f56bfc062723c751e8b465ee728b)
Start importing Assets/Assets/Paladin w Idle.fbx using Guid(b88760ce65d5690478e7bfaacb700fa6) Importer(815301076,1909f56bfc062723c751e8b465ee728b)  -> (artifact id: '4f2567e0304b246d76ffb47f1272165a') in 0.064257 seconds 
========================================================================
Received Import Request.
  Time since last request: 57.223228 seconds.
  path: Assets/Animations
  artifactKey: Guid(7b8a3bfd04462a544973305b7c37cd3b) Importer(815301076,1909f56bfc062723c751e8b465ee728b)
Start importing Assets/Animations using Guid(7b8a3bfd04462a544973305b7c37cd3b) Importer(815301076,1909f56bfc062723c751e8b465ee728b)  -> (artifact id: 'f36e9f32d5cd1cb639abf1d06a07d512') in 0.006272 seconds 
========================================================================
Received Import Request.
  Time since last request: 13.210556 seconds.
  path: Assets/OBJ
  artifactKey: Guid(108f418ae42d1884489ce0385b7112d6) Importer(815301076,1909f56bfc062723c751e8b465ee728b)
Start importing Assets/OBJ using Guid(108f418ae42d1884489ce0385b7112d6) Importer(815301076,1909f56bfc062723c751e8b465ee728b)  -> (artifact id: 'e251f2a9cb94b4fe99fc704568d15767') in 0.006361 seconds 
========================================================================
Received Import Request.
  Time since last request: 5.634934 seconds.
  path: Assets/Objects
  artifactKey: Guid(108f418ae42d1884489ce0385b7112d6) Importer(815301076,1909f56bfc062723c751e8b465ee728b)
Start importing Assets/Objects using Guid(108f418ae42d1884489ce0385b7112d6) Importer(815301076,1909f56bfc062723c751e8b465ee728b)  -> (artifact id: 'ae03f5c622560ecb94d4d45e84640f1a') in 0.028480 seconds 
========================================================================
Received Import Request.
  Time since last request: 22.392402 seconds.
  path: Assets/Animations/Character Animator.controller
  artifactKey: Guid(4e04c00e57792744d8b5018f0768f5ef) Importer(815301076,1909f56bfc062723c751e8b465ee728b)
Start importing Assets/Animations/Character Animator.controller using Guid(4e04c00e57792744d8b5018f0768f5ef) Importer(815301076,1909f56bfc062723c751e8b465ee728b)  -> (artifact id: '423b8a584a0c666ad3fc6b08e161251b') in 0.012589 seconds 
========================================================================
Received Import Request.
  Time since last request: 244.644311 seconds.
  path: Assets/Scripts
  artifactKey: Guid(9d983d115812d43409e0b1f6df199317) Importer(815301076,1909f56bfc062723c751e8b465ee728b)
Start importing Assets/Scripts using Guid(9d983d115812d43409e0b1f6df199317) Importer(815301076,1909f56bfc062723c751e8b465ee728b)  -> (artifact id: 'b25b9f615dc355f37e612a4ac933db73') in 0.006865 seconds 
========================================================================
Received Import Request.
  Time since last request: 123.195949 seconds.
  path: Assets/Scripts/Dance Control.cs
  artifactKey: Guid(51137c47781031d4aa5b5d1c9a7ca2ef) Importer(815301076,1909f56bfc062723c751e8b465ee728b)
Start importing Assets/Scripts/Dance Control.cs using Guid(51137c47781031d4aa5b5d1c9a7ca2ef) Importer(815301076,1909f56bfc062723c751e8b465ee728b)  -> (artifact id: 'e33703ccb4ad241aef471d0cd5dc55ed') in 0.023597 seconds 
========================================================================
Received Prepare
Registering precompiled user dll's ...
Registered in 0.005846 seconds.
Begin MonoManager ReloadAssembly
Native extension for WindowsStandalone target not found
Native extension for WebGL target not found
Refreshing native plugins compatible for Editor in 1.32 ms, found 2 plugins.
Preloading 0 native plugins for Editor in 0.00 ms.
Mono: successfully reloaded assembly
- Completed reload, in  1.295 seconds
Domain Reload Profiling:
	ReloadAssembly (1295ms)
		BeginReloadAssembly (142ms)
			ExecutionOrderSort (0ms)
			DisableScriptedObjects (5ms)
			BackupInstance (0ms)
			ReleaseScriptingObjects (0ms)
			CreateAndSetChildDomain (41ms)
		EndReloadAssembly (1090ms)
			LoadAssemblies (112ms)
			RebuildTransferFunctionScriptingTraits (0ms)
			SetupTypeCache (336ms)
			ReleaseScriptCaches (1ms)
			RebuildScriptCaches (53ms)
			SetupLoadedEditorAssemblies (473ms)
				LogAssemblyErrors (0ms)
				InitializePlatformSupportModulesInManaged (11ms)
				SetLoadedEditorAssemblies (4ms)
				RefreshPlugins (1ms)
				BeforeProcessingInitializeOnLoad (103ms)
				ProcessInitializeOnLoadAttributes (272ms)
				ProcessInitializeOnLoadMethodAttributes (74ms)
				AfterProcessingInitializeOnLoad (8ms)
				EditorAssembliesLoaded (0ms)
			ExecutionOrderSort2 (0ms)
			AwakeInstancesAfterBackupRestoration (2ms)
Platform modules already initialized, skipping
Refreshing native plugins compatible for Editor in 0.70 ms, found 2 plugins.
Preloading 0 native plugins for Editor in 0.00 ms.
Unloading 2383 Unused Serialized files (Serialized files now loaded: 0)
System memory in use before: 109.4 MB.
System memory in use after: 109.6 MB.

Unloading 51 unused Assets to reduce memory usage. Loaded Objects now: 2841.
Total: 6.367100 ms (FindLiveObjects: 0.317100 ms CreateObjectMapping: 0.136100 ms MarkObjects: 5.867800 ms  DeleteObjects: 0.045200 ms)

AssetImportParameters requested are different than current active one (requested -> active):
  custom:framework-win-MediaFoundation: 216162199b28c13a410421893ffa2e32 -> 
  custom:video-decoder-ogg-theora: a1e56fd34408186e4bbccfd4996cb3dc -> 
  custom:container-muxer-webm: aa71ff27fc2769a1b78a27578f13a17b -> 
  custom:container-demuxer-webm: 4f35f7cbe854078d1ac9338744f61a02 -> 
  custom:container-demuxer-ogg: 62fdf1f143b41e24485cea50d1cbac27 -> 
  custom:video-encoder-webm-vp8: eb34c28f22e8b96e1ab97ce403110664 -> 
  custom:video-codec-MediaFoundation-h265: 746d11721c4dcdbdad8f713fa42b33f4 -> 
  custom:video-decoder-webm-vp8: 9c59270c3fd7afecdb556c50c9e8de78 -> 
  custom:audio-decoder-ogg-vorbis: bf7c407c2cedff20999df2af8eb42d56 -> 
  custom:audio-encoder-webm-vorbis: bf7c407c2cedff20999df2af8eb42d56 -> 
========================================================================
Received Import Request.
  Time since last request: 25.127628 seconds.
  path: Assets/Resources
  artifactKey: Guid(d2c64c7bfe9310643b2acbe8fa7673e5) Importer(815301076,1909f56bfc062723c751e8b465ee728b)
Start importing Assets/Resources using Guid(d2c64c7bfe9310643b2acbe8fa7673e5) Importer(815301076,1909f56bfc062723c751e8b465ee728b)  -> (artifact id: '9fb04960cad99b2ef9053c7ae5f86b06') in 0.014767 seconds 
========================================================================
Received Import Request.
  Time since last request: 37.090783 seconds.
  path: Assets/Objects/Paladin w Idle.fbx
  artifactKey: Guid(b88760ce65d5690478e7bfaacb700fa6) Importer(815301076,1909f56bfc062723c751e8b465ee728b)
Start importing Assets/Objects/Paladin w Idle.fbx using Guid(b88760ce65d5690478e7bfaacb700fa6) Importer(815301076,1909f56bfc062723c751e8b465ee728b)  -> (artifact id: 'f31502bd55f4942a0307cdd39361528d') in 0.124268 seconds 
========================================================================
Received Prepare
Registering precompiled user dll's ...
Registered in 0.006080 seconds.
Begin MonoManager ReloadAssembly
Native extension for WindowsStandalone target not found
Native extension for WebGL target not found
Refreshing native plugins compatible for Editor in 0.75 ms, found 2 plugins.
Preloading 0 native plugins for Editor in 0.00 ms.
Mono: successfully reloaded assembly
- Completed reload, in  1.243 seconds
Domain Reload Profiling:
	ReloadAssembly (1244ms)
		BeginReloadAssembly (132ms)
			ExecutionOrderSort (0ms)
			DisableScriptedObjects (6ms)
			BackupInstance (0ms)
			ReleaseScriptingObjects (0ms)
			CreateAndSetChildDomain (37ms)
		EndReloadAssembly (1029ms)
			LoadAssemblies (128ms)
			RebuildTransferFunctionScriptingTraits (0ms)
			SetupTypeCache (324ms)
			ReleaseScriptCaches (1ms)
			RebuildScriptCaches (55ms)
			SetupLoadedEditorAssemblies (437ms)
				LogAssemblyErrors (0ms)
				InitializePlatformSupportModulesInManaged (5ms)
				SetLoadedEditorAssemblies (0ms)
				RefreshPlugins (1ms)
				BeforeProcessingInitializeOnLoad (97ms)
				ProcessInitializeOnLoadAttributes (238ms)
				ProcessInitializeOnLoadMethodAttributes (85ms)
				AfterProcessingInitializeOnLoad (10ms)
				EditorAssembliesLoaded (0ms)
			ExecutionOrderSort2 (0ms)
			AwakeInstancesAfterBackupRestoration (2ms)
Platform modules already initialized, skipping
Refreshing native plugins compatible for Editor in 0.71 ms, found 2 plugins.
Preloading 0 native plugins for Editor in 0.00 ms.
Unloading 2383 Unused Serialized files (Serialized files now loaded: 0)
System memory in use before: 109.4 MB.
System memory in use after: 109.7 MB.

Unloading 51 unused Assets to reduce memory usage. Loaded Objects now: 2845.
Total: 6.864300 ms (FindLiveObjects: 0.181500 ms CreateObjectMapping: 0.099600 ms MarkObjects: 6.535400 ms  DeleteObjects: 0.047100 ms)

AssetImportParameters requested are different than current active one (requested -> active):
  custom:framework-win-MediaFoundation: 216162199b28c13a410421893ffa2e32 -> 
  custom:video-decoder-ogg-theora: a1e56fd34408186e4bbccfd4996cb3dc -> 
  custom:container-muxer-webm: aa71ff27fc2769a1b78a27578f13a17b -> 
  custom:container-demuxer-webm: 4f35f7cbe854078d1ac9338744f61a02 -> 
  custom:container-demuxer-ogg: 62fdf1f143b41e24485cea50d1cbac27 -> 
  custom:video-encoder-webm-vp8: eb34c28f22e8b96e1ab97ce403110664 -> 
  custom:video-codec-MediaFoundation-h265: 746d11721c4dcdbdad8f713fa42b33f4 -> 
  custom:video-decoder-webm-vp8: 9c59270c3fd7afecdb556c50c9e8de78 -> 
  custom:audio-decoder-ogg-vorbis: bf7c407c2cedff20999df2af8eb42d56 -> 
  custom:audio-encoder-webm-vorbis: bf7c407c2cedff20999df2af8eb42d56 -> 
========================================================================
Received Import Request.
  Time since last request: 40.695961 seconds.
  path: Assets/Materials/Paladin_diffuse.png
  artifactKey: Guid(84bf035d9854a9f4eb8ba897ac091db9) Importer(815301076,1909f56bfc062723c751e8b465ee728b)
Start importing Assets/Materials/Paladin_diffuse.png using Guid(84bf035d9854a9f4eb8ba897ac091db9) Importer(815301076,1909f56bfc062723c751e8b465ee728b)  -> (artifact id: '9c0f636444fa0602fc56a14fd9f79c17') in 0.142425 seconds 
========================================================================
Received Import Request.
  Time since last request: 4.129412 seconds.
  path: Assets/Materials/Paladin_specular.png
  artifactKey: Guid(5e728efe490181647895874ff9c1fd88) Importer(815301076,1909f56bfc062723c751e8b465ee728b)
Start importing Assets/Materials/Paladin_specular.png using Guid(5e728efe490181647895874ff9c1fd88) Importer(815301076,1909f56bfc062723c751e8b465ee728b)  -> (artifact id: '00d61fb725ffd9a759ad09264ef9aa43') in 0.015349 seconds 
========================================================================
Received Import Request.
  Time since last request: 24.035671 seconds.
  path: Assets/Materials/Paladin_normal.png
  artifactKey: Guid(8ad4845883d79884098f4c3f4d0f5c6f) Importer(815301076,1909f56bfc062723c751e8b465ee728b)
Start importing Assets/Materials/Paladin_normal.png using Guid(8ad4845883d79884098f4c3f4d0f5c6f) Importer(815301076,1909f56bfc062723c751e8b465ee728b)  -> (artifact id: '6221a9257e47b839ce83dadf9ac79d59') in 0.015964 seconds 
========================================================================
Received Prepare
Registering precompiled user dll's ...
Registered in 0.006887 seconds.
Begin MonoManager ReloadAssembly
Native extension for WindowsStandalone target not found
Native extension for WebGL target not found
Refreshing native plugins compatible for Editor in 0.82 ms, found 2 plugins.
Preloading 0 native plugins for Editor in 0.00 ms.
Mono: successfully reloaded assembly
- Completed reload, in  1.190 seconds
Domain Reload Profiling:
	ReloadAssembly (1190ms)
		BeginReloadAssembly (126ms)
			ExecutionOrderSort (0ms)
			DisableScriptedObjects (8ms)
			BackupInstance (0ms)
			ReleaseScriptingObjects (0ms)
			CreateAndSetChildDomain (38ms)
		EndReloadAssembly (983ms)
			LoadAssemblies (108ms)
			RebuildTransferFunctionScriptingTraits (0ms)
			SetupTypeCache (316ms)
			ReleaseScriptCaches (1ms)
			RebuildScriptCaches (42ms)
			SetupLoadedEditorAssemblies (419ms)
				LogAssemblyErrors (0ms)
				InitializePlatformSupportModulesInManaged (6ms)
				SetLoadedEditorAssemblies (0ms)
				RefreshPlugins (1ms)
				BeforeProcessingInitializeOnLoad (87ms)
				ProcessInitializeOnLoadAttributes (238ms)
				ProcessInitializeOnLoadMethodAttributes (80ms)
				AfterProcessingInitializeOnLoad (8ms)
				EditorAssembliesLoaded (0ms)
			ExecutionOrderSort2 (0ms)
			AwakeInstancesAfterBackupRestoration (3ms)
Platform modules already initialized, skipping
Refreshing native plugins compatible for Editor in 0.74 ms, found 2 plugins.
Preloading 0 native plugins for Editor in 0.00 ms.
Unloading 2383 Unused Serialized files (Serialized files now loaded: 0)
System memory in use before: 109.5 MB.
System memory in use after: 109.7 MB.

Unloading 51 unused Assets to reduce memory usage. Loaded Objects now: 2849.
Total: 6.239100 ms (FindLiveObjects: 0.173700 ms CreateObjectMapping: 0.077600 ms MarkObjects: 5.935200 ms  DeleteObjects: 0.051600 ms)

AssetImportParameters requested are different than current active one (requested -> active):
  custom:framework-win-MediaFoundation: 216162199b28c13a410421893ffa2e32 -> 
  custom:video-decoder-ogg-theora: a1e56fd34408186e4bbccfd4996cb3dc -> 
  custom:container-muxer-webm: aa71ff27fc2769a1b78a27578f13a17b -> 
  custom:container-demuxer-webm: 4f35f7cbe854078d1ac9338744f61a02 -> 
  custom:container-demuxer-ogg: 62fdf1f143b41e24485cea50d1cbac27 -> 
  custom:video-encoder-webm-vp8: eb34c28f22e8b96e1ab97ce403110664 -> 
  custom:video-codec-MediaFoundation-h265: 746d11721c4dcdbdad8f713fa42b33f4 -> 
  custom:video-decoder-webm-vp8: 9c59270c3fd7afecdb556c50c9e8de78 -> 
  custom:audio-decoder-ogg-vorbis: bf7c407c2cedff20999df2af8eb42d56 -> 
  custom:audio-encoder-webm-vorbis: bf7c407c2cedff20999df2af8eb42d56 -> 
AssetImportWorkerClient::OnTransportError - code=2 error=End of file
